0 info it worked if it ends with ok
1 verbose cli [ 'node', '/usr/local/bin/npm', 'install', '-g', 'ios-deploy' ]
2 info using npm@2.5.1
3 info using node@v0.12.0
4 silly cache add args [ 'ios-deploy', null ]
5 verbose cache add spec ios-deploy
6 silly cache add parsed spec { raw: 'ios-deploy',
6 silly cache add   scope: null,
6 silly cache add   name: 'ios-deploy',
6 silly cache add   rawSpec: '',
6 silly cache add   spec: '*',
6 silly cache add   type: 'range' }
7 verbose addNamed ios-deploy@*
8 silly addNamed semver.valid null
9 silly addNamed semver.validRange *
10 silly addNameRange { name: 'ios-deploy', range: '*', hasData: false }
11 silly mapToRegistry name ios-deploy
12 silly mapToRegistry using default registry
13 silly mapToRegistry registry https://registry.npmjs.org/
14 silly mapToRegistry uri https://registry.npmjs.org/ios-deploy
15 verbose addNameRange registry:https://registry.npmjs.org/ios-deploy not in flight; fetching
16 verbose request uri https://registry.npmjs.org/ios-deploy
17 verbose request no auth needed
18 info attempt registry request try #1 at 4:31:08 PM
19 verbose request id 7d79d18e0e4b2b38
20 verbose etag "81NX9HBLREKB5KSUAXMQ0IXPI"
21 http request GET https://registry.npmjs.org/ios-deploy
22 http 304 https://registry.npmjs.org/ios-deploy
23 silly get cb [ 304,
23 silly get   { date: 'Sat, 16 Apr 2016 12:31:09 GMT',
23 silly get     via: '1.1 varnish',
23 silly get     'cache-control': 'max-age=300',
23 silly get     etag: '"81NX9HBLREKB5KSUAXMQ0IXPI"',
23 silly get     age: '16',
23 silly get     connection: 'keep-alive',
23 silly get     'x-served-by': 'cache-sin6923-SIN',
23 silly get     'x-cache': 'HIT',
23 silly get     'x-cache-hits': '1',
23 silly get     'x-timer': 'S1460809869.190075,VS0,VE0',
23 silly get     vary: 'Accept-Encoding' } ]
24 verbose etag https://registry.npmjs.org/ios-deploy from cache
25 verbose get saving ios-deploy to /Users/paula/.npm/registry.npmjs.org/ios-deploy/.cache.json
26 silly addNameRange number 2 { name: 'ios-deploy', range: '*', hasData: true }
27 silly addNameRange versions [ 'ios-deploy',
27 silly addNameRange   [ '1.0.1',
27 silly addNameRange     '1.0.2',
27 silly addNameRange     '1.0.3',
27 silly addNameRange     '1.0.4',
27 silly addNameRange     '1.0.5',
27 silly addNameRange     '1.0.6',
27 silly addNameRange     '1.0.7',
27 silly addNameRange     '1.0.8',
27 silly addNameRange     '1.0.9',
27 silly addNameRange     '1.1.0',
27 silly addNameRange     '1.2.0',
27 silly addNameRange     '1.3.0',
27 silly addNameRange     '1.3.1',
27 silly addNameRange     '1.3.2',
27 silly addNameRange     '1.4.0',
27 silly addNameRange     '1.5.0',
27 silly addNameRange     '1.6.0',
27 silly addNameRange     '1.6.1',
27 silly addNameRange     '1.6.2',
27 silly addNameRange     '1.6.3',
27 silly addNameRange     '1.7.0',
27 silly addNameRange     '1.8.0',
27 silly addNameRange     '1.8.1',
27 silly addNameRange     '1.8.2',
27 silly addNameRange     '1.8.3',
27 silly addNameRange     '1.8.4',
27 silly addNameRange     '1.8.5',
27 silly addNameRange     '1.8.6' ] ]
28 verbose addNamed ios-deploy@1.8.6
29 silly addNamed semver.valid 1.8.6
30 silly addNamed semver.validRange 1.8.6
31 silly cache afterAdd ios-deploy@1.8.6
32 verbose afterAdd /Users/paula/.npm/ios-deploy/1.8.6/package/package.json not in flight; writing
33 verbose afterAdd /Users/paula/.npm/ios-deploy/1.8.6/package/package.json written
34 silly install resolved [ { name: 'ios-deploy',
34 silly install resolved     version: '1.8.6',
34 silly install resolved     os: [ 'darwin' ],
34 silly install resolved     description: 'launch iOS apps iOS devices from the command line (Xcode 7)',
34 silly install resolved     main: 'ios-deploy',
34 silly install resolved     scripts:
34 silly install resolved      { preinstall: './src/scripts/check_reqs.js && xcodebuild',
34 silly install resolved        test: 'npm run pycompile && npm run jshint && xcodebuild -target ios-deploy-lib && xcodebuild test -scheme ios-deploy-tests',
34 silly install resolved        jshint: 'node node_modules/jshint/bin/jshint src/scripts/*.js',
34 silly install resolved        pycompile: 'python -m py_compile src/scripts/*.py' },
34 silly install resolved     bin: { 'ios-deploy': './build/Release/ios-deploy' },
34 silly install resolved     repository:
34 silly install resolved      { type: 'git',
34 silly install resolved        url: 'git+https://github.com/phonegap/ios-deploy.git' },
34 silly install resolved     devDependencies: { jshint: '2.5.8' },
34 silly install resolved     keywords: [ 'ios-deploy', 'deploy to iOS device' ],
34 silly install resolved     bugs: { url: 'https://github.com/phonegap/ios-deploy/issues' },
34 silly install resolved     author: { name: 'Greg Hughes' },
34 silly install resolved     license: 'GPLv3',
34 silly install resolved     gitHead: 'd7cccae1ade60378ce1134f496b68eeac53eb860',
34 silly install resolved     homepage: 'https://github.com/phonegap/ios-deploy#readme',
34 silly install resolved     _id: 'ios-deploy@1.8.6',
34 silly install resolved     _shasum: 'abb0b5132e7e6c89d1f521ba7c81c44eec54d4f5',
34 silly install resolved     _from: 'ios-deploy@*',
34 silly install resolved     _npmVersion: '2.14.7',
34 silly install resolved     _nodeVersion: '4.2.2',
34 silly install resolved     _npmUser: { name: 'shazron', email: 'shazron@gmail.com' },
34 silly install resolved     maintainers: [ [Object], [Object], [Object] ],
34 silly install resolved     dist:
34 silly install resolved      { shasum: 'abb0b5132e7e6c89d1f521ba7c81c44eec54d4f5',
34 silly install resolved        tarball: 'https://registry.npmjs.org/ios-deploy/-/ios-deploy-1.8.6.tgz' },
34 silly install resolved     _npmOperationalInternal:
34 silly install resolved      { host: 'packages-16-east.internal.npmjs.com',
34 silly install resolved        tmp: 'tmp/ios-deploy-1.8.6.tgz_1460409336359_0.34613347332924604' },
34 silly install resolved     directories: {},
34 silly install resolved     _resolved: 'https://registry.npmjs.org/ios-deploy/-/ios-deploy-1.8.6.tgz',
34 silly install resolved     readme: 'ERROR: No README data found!' } ]
35 info install ios-deploy@1.8.6 into /usr/local/lib
36 info installOne ios-deploy@1.8.6
37 verbose installOne of ios-deploy to /usr/local/lib not in flight; installing
38 verbose lock using /Users/paula/.npm/_locks/ios-deploy-198957223cd98201.lock for /usr/local/lib/node_modules/ios-deploy
39 silly install write writing ios-deploy 1.8.6 to /usr/local/lib/node_modules/ios-deploy
40 silly cache addNamed cb ios-deploy@1.8.6
41 verbose unbuild lib/node_modules/ios-deploy
42 verbose gentlyRm vacuuming /usr/local/lib/node_modules/ios-deploy
43 verbose tar unpack /Users/paula/.npm/ios-deploy/1.8.6/package.tgz
44 verbose tar unpacking to /usr/local/lib/node_modules/ios-deploy
45 verbose gentlyRm vacuuming /usr/local/lib/node_modules/ios-deploy
46 silly gunzTarPerm modes [ '755', '644' ]
47 silly gunzTarPerm extractEntry package.json
48 silly gunzTarPerm extractEntry .npmignore
49 silly gunzTarPerm extractEntry README.md
50 silly gunzTarPerm extractEntry LICENSE
51 silly gunzTarPerm extractEntry CONTRIBUTING.md
52 silly gunzTarPerm extractEntry demo/.npmignore
53 silly gunzTarPerm extractEntry demo/Entitlements.plist
54 silly gunzTarPerm extractEntry demo/Info.plist
55 silly gunzTarPerm extractEntry demo/Makefile
56 silly gunzTarPerm extractEntry demo/ResourceRules.plist
57 silly gunzTarPerm extractEntry demo/demo.c
58 silly gunzTarPerm extractEntry ios-deploy.xcodeproj/project.pbxproj
59 silly gunzTarPerm extractEntry ios-deploy.xcodeproj/project.xcworkspace/xcuserdata/shaz.xcuserdatad/UserInterfaceState.xcuserstate
60 silly gunzTarPerm extractEntry ios-deploy.xcodeproj/xcshareddata/xcschemes/ios-deploy-tests.xcscheme
61 silly gunzTarPerm extractEntry ios-deploy.xcodeproj/xcuserdata/shaz.xcuserdatad/xcschemes/ios-deploy-lib.xcscheme
62 silly gunzTarPerm extractEntry ios-deploy.xcodeproj/xcuserdata/shaz.xcuserdatad/xcschemes/ios-deploy.xcscheme
63 silly gunzTarPerm extractEntry ios-deploy.xcodeproj/xcuserdata/shaz.xcuserdatad/xcschemes/xcschememanagement.plist
64 silly gunzTarPerm extractEntry src/ios-deploy/MobileDevice.h
65 silly gunzTarPerm extractEntry src/ios-deploy/errors.h
66 silly gunzTarPerm extractEntry src/ios-deploy/ios-deploy.m
67 silly gunzTarPerm extractEntry src/ios-deploy/version.h
68 silly gunzTarPerm extractEntry src/ios-deploy-lib/libios_deploy.h
69 silly gunzTarPerm extractEntry src/ios-deploy-lib/libios_deploy.m
70 silly gunzTarPerm extractEntry src/ios-deploy-tests/Info.plist
71 silly gunzTarPerm extractEntry src/ios-deploy-tests/ios_deploy_tests.m
72 silly gunzTarPerm extractEntry src/scripts/check_reqs.js
73 silly gunzTarPerm extractEntry src/scripts/lldb.py
74 info preinstall ios-deploy@1.8.6
75 verbose unsafe-perm in lifecycle false
76 info ios-deploy@1.8.6 Failed to exec preinstall script
77 verbose unlock done using /Users/paula/.npm/_locks/ios-deploy-198957223cd98201.lock for /usr/local/lib/node_modules/ios-deploy
78 verbose stack Error: ios-deploy@1.8.6 preinstall: `./src/scripts/check_reqs.js && xcodebuild`
78 verbose stack Exit status 134
78 verbose stack     at EventEmitter.<anonymous> (/usr/local/lib/node_modules/npm/lib/utils/lifecycle.js:213:16)
78 verbose stack     at EventEmitter.emit (events.js:110:17)
78 verbose stack     at ChildProcess.<anonymous> (/usr/local/lib/node_modules/npm/lib/utils/spawn.js:14:12)
78 verbose stack     at ChildProcess.emit (events.js:110:17)
78 verbose stack     at maybeClose (child_process.js:1008:16)
78 verbose stack     at Process.ChildProcess._handle.onexit (child_process.js:1080:5)
79 verbose pkgid ios-deploy@1.8.6
80 verbose cwd /Users/paula/Desktop/devdactic-twitter
81 error Darwin 15.3.0
82 error argv "node" "/usr/local/bin/npm" "install" "-g" "ios-deploy"
83 error node v0.12.0
84 error npm  v2.5.1
85 error code ELIFECYCLE
86 error ios-deploy@1.8.6 preinstall: `./src/scripts/check_reqs.js && xcodebuild`
86 error Exit status 134
87 error Failed at the ios-deploy@1.8.6 preinstall script './src/scripts/check_reqs.js && xcodebuild'.
87 error This is most likely a problem with the ios-deploy package,
87 error not with npm itself.
87 error Tell the author that this fails on your system:
87 error     ./src/scripts/check_reqs.js && xcodebuild
87 error You can get their info via:
87 error     npm owner ls ios-deploy
87 error There is likely additional logging output above.
88 verbose exit [ 1, true ]
89 verbose unbuild lib/node_modules/ios-deploy
90 info preuninstall ios-deploy@1.8.6
91 info uninstall ios-deploy@1.8.6
92 verbose unbuild rmStuff ios-deploy@1.8.6 from /usr/local/lib/node_modules
93 verbose gentlyRm verifying that /usr/local is managed by npm
94 silly isManaged /usr/local/lib/node_modules is inside /usr/local
95 silly gentlyRm /usr/local is managed by npm
96 silly gentlyRm /usr/local/bin/ios-deploy is under /usr/local
97 verbose gentlyRm vacuuming /usr/local/bin/ios-deploy up to /usr/local
98 info postuninstall ios-deploy@1.8.6
99 verbose gentlyRm vacuuming /usr/local/lib/node_modules/ios-deploy
100 silly gentlyRm purging /usr/local/lib/node_modules/ios-deploy
101 silly gentlyRm quitting because other entries in /usr/local/lib/node_modules
